{"/home/bryluke000/work/sandbox/app.js": {"path":"/home/bryluke000/work/sandbox/app.js","statementMap":{"0":{"start":{"line":1,"column":16},"end":{"line":1,"column":34}},"1":{"start":{"line":3,"column":22},"end":{"line":3,"column":49}},"2":{"start":{"line":5,"column":12},"end":{"line":5,"column":21}},"3":{"start":{"line":7,"column":0},"end":{"line":7,"column":49}},"4":{"start":{"line":9,"column":0},"end":{"line":9,"column":24}},"5":{"start":{"line":11,"column":0},"end":{"line":11,"column":28}},"6":{"start":{"line":13,"column":0},"end":{"line":13,"column":21}}},"fnMap":{},"branchMap":{},"s":{"0":1,"1":1,"2":1,"3":1,"4":1,"5":1,"6":1},"f":{},"b":{},"_coverageSchema":"1a1c01bbd47fc00a2c39e90264f33305004495a9","hash":"b51f10effc9143dea7d55d885b2bcc0d922c9d18"}
,"/home/bryluke000/work/sandbox/cloneArray.js": {"path":"/home/bryluke000/work/sandbox/cloneArray.js","statementMap":{"0":{"start":{"line":2,"column":2},"end":{"line":2,"column":20}},"1":{"start":{"line":5,"column":0},"end":{"line":5,"column":27}}},"fnMap":{"0":{"name":"cloneArray","decl":{"start":{"line":1,"column":9},"end":{"line":1,"column":19}},"loc":{"start":{"line":1,"column":27},"end":{"line":3,"column":1}},"line":1}},"branchMap":{},"s":{"0":2,"1":1},"f":{"0":2},"b":{},"_coverageSchema":"1a1c01bbd47fc00a2c39e90264f33305004495a9","hash":"cb99c0bccfb1d50357f409f29b5d971d7a6ab6bc"}
,"/home/bryluke000/work/sandbox/sum.js": {"path":"/home/bryluke000/work/sandbox/sum.js","statementMap":{"0":{"start":{"line":2,"column":2},"end":{"line":2,"column":15}},"1":{"start":{"line":4,"column":0},"end":{"line":4,"column":21}}},"fnMap":{"0":{"name":"sum","decl":{"start":{"line":1,"column":9},"end":{"line":1,"column":12}},"loc":{"start":{"line":1,"column":19},"end":{"line":3,"column":1}},"line":1}},"branchMap":{},"s":{"0":2,"1":1},"f":{"0":2},"b":{},"_coverageSchema":"1a1c01bbd47fc00a2c39e90264f33305004495a9","hash":"e4a6b96daf6ffe7f8aa5e3d90c4421f850ec8513"}
,"/home/bryluke000/work/sandbox/router/product.js": {"path":"/home/bryluke000/work/sandbox/router/product.js","statementMap":{"0":{"start":{"line":1,"column":16},"end":{"line":1,"column":34}},"1":{"start":{"line":3,"column":15},"end":{"line":3,"column":31}},"2":{"start":{"line":5,"column":20},"end":{"line":5,"column":42}},"3":{"start":{"line":9,"column":17},"end":{"line":9,"column":69}},"4":{"start":{"line":13,"column":0},"end":{"line":15,"column":3}},"5":{"start":{"line":14,"column":2},"end":{"line":14,"column":21}},"6":{"start":{"line":19,"column":0},"end":{"line":31,"column":3}},"7":{"start":{"line":20,"column":18},"end":{"line":22,"column":3}},"8":{"start":{"line":21,"column":17},"end":{"line":21,"column":53}},"9":{"start":{"line":26,"column":2},"end":{"line":28,"column":3}},"10":{"start":{"line":27,"column":4},"end":{"line":27,"column":47}},"11":{"start":{"line":30,"column":2},"end":{"line":30,"column":20}},"12":{"start":{"line":33,"column":0},"end":{"line":51,"column":3}},"13":{"start":{"line":34,"column":19},"end":{"line":34,"column":22}},"14":{"start":{"line":36,"column":2},"end":{"line":38,"column":3}},"15":{"start":{"line":37,"column":4},"end":{"line":37,"column":54}},"16":{"start":{"line":40,"column":21},"end":{"line":46,"column":3}},"17":{"start":{"line":48,"column":2},"end":{"line":48,"column":28}},"18":{"start":{"line":50,"column":2},"end":{"line":50,"column":35}},"19":{"start":{"line":53,"column":0},"end":{"line":53,"column":24}}},"fnMap":{"0":{"name":"(anonymous_0)","decl":{"start":{"line":13,"column":16},"end":{"line":13,"column":17}},"loc":{"start":{"line":13,"column":30},"end":{"line":15,"column":1}},"line":13},"1":{"name":"(anonymous_1)","decl":{"start":{"line":19,"column":19},"end":{"line":19,"column":20}},"loc":{"start":{"line":19,"column":39},"end":{"line":31,"column":1}},"line":19},"2":{"name":"(anonymous_2)","decl":{"start":{"line":21,"column":4},"end":{"line":21,"column":5}},"loc":{"start":{"line":21,"column":17},"end":{"line":21,"column":53}},"line":21},"3":{"name":"(anonymous_3)","decl":{"start":{"line":33,"column":17},"end":{"line":33,"column":18}},"loc":{"start":{"line":33,"column":37},"end":{"line":51,"column":1}},"line":33}},"branchMap":{"0":{"loc":{"start":{"line":26,"column":2},"end":{"line":28,"column":3}},"type":"if","locations":[{"start":{"line":26,"column":2},"end":{"line":28,"column":3}},{"start":{},"end":{}}],"line":26},"1":{"loc":{"start":{"line":36,"column":2},"end":{"line":38,"column":3}},"type":"if","locations":[{"start":{"line":36,"column":2},"end":{"line":38,"column":3}},{"start":{},"end":{}}],"line":36}},"s":{"0":1,"1":1,"2":1,"3":1,"4":1,"5":1,"6":1,"7":2,"8":2,"9":2,"10":1,"11":1,"12":1,"13":2,"14":2,"15":1,"16":1,"17":1,"18":1,"19":1},"f":{"0":1,"1":2,"2":2,"3":2},"b":{"0":[1,1],"1":[1,1]},"_coverageSchema":"1a1c01bbd47fc00a2c39e90264f33305004495a9","hash":"059233be357a4b6725662b85a111751f8a1610d4"}
}
